Arguments: 
  /usr/local/bin/node /usr/local/Cellar/yarn/1.17.3/libexec/bin/yarn.js add electron-builder --dev

PATH: 
  /usr/local/opt/ncurses/bin:/Users/oblank/.pyenv/shims:/usr/local/opt/sqlite/bin:/Library/Frameworks/Python.framework/Versions/3.7/bin:/usr/local/bin:/usr/bin:/bin:/usr/sbin:/sbin:/usr/local/go/bin:/Library/Apple/usr/bin:/Applications/Wireshark.app/Contents/MacOS:/Users/oblank/codes/htdocs/electron-webcapture/node_modules/.bin:/Users/oblank/.npm-global/bin:/Users/oblank/codes/gocodes/bin:/usr/local/gradle/gradle-5.1/bin

Yarn version: 
  1.17.3

Node version: 
  12.18.2

Platform: 
  darwin x64

Trace: 
  Error: ENOENT: no such file or directory, copyfile '/Users/oblank/Library/Caches/Yarn/v4/npm-ms-2.0.0-5608aeadfc00be6c2901df5f9861788de0d597c8/node_modules/ms/license.md' -> '/Users/oblank/codes/htdocs/electron-webcapture/node_modules/electron-osx-sign/node_modules/ms/license.md'

npm manifest: 
  {
    "name": "webcapture",
    "productName": "报价大屏转图片",
    "author": "GitHub",
    "version": "1.0.0",
    "description": "将报价大屏转换为图片",
    "main": "main.js",
    "scripts": {
      "start": "electron .",
      "package": "electron-packager ./ webcapture --out ./OutApp --app-version 1.0.0 --overwrite",
      "packageWindows": "electron-packager ./ webcapture --win --out ./OutApp --arch=x64 --app-version 1.0.0 --overwrite"
    },
    "repository": "https://github.com/electron/electron-quick-start",
    "keywords": [
      "Electron",
      "quick",
      "start",
      "tutorial",
      "demo"
    ],
    "license": "CC0-1.0",
    "devDependencies": {
      "electron": "^10.1.1",
      "electron-packager": "^15.1.0"
    },
    "dependencies": {
      "capture-website": "^1.2.1"
    }
  }

yarn manifest: 
  No manifest

Lockfile: 
  No lockfile
